# JRE version: OpenJDK Runtime Environment (11.0.11+9) (build 11.0.11+9-b60-7590822)
# Java VM: OpenJDK 64-Bit Server VM (11.0.11+9-b60-7590822, mixed mode, tiered, compressed oops, g1 gc, windows-amd64)
Heap:
 garbage-first heap   total 147456K, used 51699K [0x00000000a1800000, 0x0000000100000000)
  region size 1024K, 5 young (5120K), 3 survivors (3072K)
 Metaspace       used 56309K, capacity 56946K, committed 57216K, reserved 1099776K
  class space    used 6421K, capacity 6697K, committed 6784K, reserved 1048576K
GC Heap History (20 events):
Event: 9.151 GC heap before
{Heap before GC invocations=3 (full 0):
 garbage-first heap   total 98304K, used 23638K [0x00000000a1800000, 0x0000000100000000)
  region size 1024K, 17 young (17408K), 6 survivors (6144K)
 Metaspace       used 24107K, capacity 24463K, committed 24576K, reserved 1071104K
  class space    used 2592K, capacity 2736K, committed 2816K, reserved 1048576K
}
Event: 9.204 GC heap after
{Heap after GC invocations=4 (full 0):
 garbage-first heap   total 98304K, used 15449K [0x00000000a1800000, 0x0000000100000000)
  region size 1024K, 3 young (3072K), 3 survivors (3072K)
 Metaspace       used 24107K, capacity 24463K, committed 24576K, reserved 1071104K
  class space    used 2592K, capacity 2736K, committed 2816K, reserved 1048576K
}
Event: 16.786 GC heap before
{Heap before GC invocations=4 (full 0):
 garbage-first heap   total 98304K, used 52313K [0x00000000a1800000, 0x0000000100000000)
  region size 1024K, 37 young (37888K), 3 survivors (3072K)
 Metaspace       used 30502K, capacity 30928K, committed 30976K, reserved 1077248K
  class space    used 3635K, capacity 3796K, committed 3840K, reserved 1048576K
}
Event: 16.884 GC heap after
{Heap after GC invocations=5 (full 0):
 garbage-first heap   total 98304K, used 25600K [0x00000000a1800000, 0x0000000100000000)
  region size 1024K, 5 young (5120K), 5 survivors (5120K)
 Metaspace       used 30502K, capacity 30928K, committed 30976K, reserved 1077248K
  class space    used 3635K, capacity 3796K, committed 3840K, reserved 1048576K
}
Event: 17.576 GC heap before
{Heap before GC invocations=5 (full 0):
 garbage-first heap   total 98304K, used 26624K [0x00000000a1800000, 0x0000000100000000)
  region size 1024K, 6 young (6144K), 5 survivors (5120K)
 Metaspace       used 30799K, capacity 31250K, committed 31360K, reserved 1077248K
  class space    used 3670K, capacity 3860K, committed 3968K, reserved 1048576K
}
Event: 17.619 GC heap after
{Heap after GC invocations=6 (full 0):
 garbage-first heap   total 118784K, used 27015K [0x00000000a1800000, 0x0000000100000000)
  region size 1024K, 1 young (1024K), 1 survivors (1024K)
 Metaspace       used 30799K, capacity 31250K, committed 31360K, reserved 1077248K
  class space    used 3670K, capacity 3860K, committed 3968K, reserved 1048576K
}
Event: 19.353 GC heap before
{Heap before GC invocations=6 (full 0):
 garbage-first heap   total 118784K, used 41351K [0x00000000a1800000, 0x0000000100000000)
  region size 1024K, 16 young (16384K), 1 survivors (1024K)
 Metaspace       used 34649K, capacity 35096K, committed 35328K, reserved 1079296K
  class space    used 4303K, capacity 4502K, committed 4608K, reserved 1048576K
}
Event: 19.364 GC heap after
{Heap after GC invocations=7 (full 0):
 garbage-first heap   total 118784K, used 27253K [0x00000000a1800000, 0x0000000100000000)
  region size 1024K, 2 young (2048K), 2 survivors (2048K)
 Metaspace       used 34649K, capacity 35096K, committed 35328K, reserved 1079296K
  class space    used 4303K, capacity 4502K, committed 4608K, reserved 1048576K
}
Event: 19.760 GC heap before
{Heap before GC invocations=7 (full 0):
 garbage-first heap   total 118784K, used 29301K [0x00000000a1800000, 0x0000000100000000)
  region size 1024K, 5 young (5120K), 2 survivors (2048K)
 Metaspace       used 35057K, capacity 35460K, committed 35584K, reserved 1081344K
  class space    used 4346K, capacity 4538K, committed 4608K, reserved 1048576K
}
Event: 19.773 GC heap after
{Heap after GC invocations=8 (full 0):
 garbage-first heap   total 118784K, used 27575K [0x00000000a1800000, 0x0000000100000000)
  region size 1024K, 2 young (2048K), 2 survivors (2048K)
 Metaspace       used 35057K, capacity 35460K, committed 35584K, reserved 1081344K
  class space    used 4346K, capacity 4538K, committed 4608K, reserved 1048576K
}
Event: 23.257 GC heap before
{Heap before GC invocations=9 (full 0):
 garbage-first heap   total 118784K, used 59319K [0x00000000a1800000, 0x0000000100000000)
  region size 1024K, 34 young (34816K), 2 survivors (2048K)
 Metaspace       used 41132K, capacity 41574K, committed 41856K, reserved 1085440K
  class space    used 4934K, capacity 5124K, committed 5248K, reserved 1048576K
}
Event: 23.286 GC heap after
{Heap after GC invocations=10 (full 0):
 garbage-first heap   total 118784K, used 29441K [0x00000000a1800000, 0x0000000100000000)
  region size 1024K, 5 young (5120K), 5 survivors (5120K)
 Metaspace       used 41132K, capacity 41574K, committed 41856K, reserved 1085440K
  class space    used 4934K, capacity 5124K, committed 5248K, reserved 1048576K
}
Event: 28.065 GC heap before
{Heap before GC invocations=10 (full 0):
 garbage-first heap   total 118784K, used 73473K [0x00000000a1800000, 0x0000000100000000)
  region size 1024K, 47 young (48128K), 5 survivors (5120K)
 Metaspace       used 47805K, capacity 48306K, committed 48640K, reserved 1091584K
  class space    used 5635K, capacity 5850K, committed 5888K, reserved 1048576K
}
Event: 28.159 GC heap after
{Heap after GC invocations=11 (full 0):
 garbage-first heap   total 118784K, used 36599K [0x00000000a1800000, 0x0000000100000000)
  region size 1024K, 6 young (6144K), 6 survivors (6144K)
 Metaspace       used 47805K, capacity 48306K, committed 48640K, reserved 1091584K
  class space    used 5635K, capacity 5850K, committed 5888K, reserved 1048576K
}
Event: 31.839 GC heap before
{Heap before GC invocations=11 (full 0):
 garbage-first heap   total 118784K, used 69367K [0x00000000a1800000, 0x0000000100000000)
  region size 1024K, 38 young (38912K), 6 survivors (6144K)
 Metaspace       used 52067K, capacity 52683K, committed 52992K, reserved 1095680K
  class space    used 6070K, capacity 6321K, committed 6400K, reserved 1048576K
}
Event: 31.974 GC heap after
{Heap after GC invocations=12 (full 0):
 garbage-first heap   total 118784K, used 41221K [0x00000000a1800000, 0x0000000100000000)
  region size 1024K, 5 young (5120K), 5 survivors (5120K)
 Metaspace       used 52067K, capacity 52683K, committed 52992K, reserved 1095680K
  class space    used 6070K, capacity 6321K, committed 6400K, reserved 1048576K
}
Event: 37.795 GC heap before
{Heap before GC invocations=12 (full 0):
 garbage-first heap   total 118784K, used 75013K [0x00000000a1800000, 0x0000000100000000)
  region size 1024K, 38 young (38912K), 5 survivors (5120K)
 Metaspace       used 53433K, capacity 54098K, committed 54272K, reserved 1097728K
  class space    used 6110K, capacity 6387K, committed 6400K, reserved 1048576K
}
Event: 37.903 GC heap after
{Heap after GC invocations=13 (full 0):
 garbage-first heap   total 118784K, used 47616K [0x00000000a1800000, 0x0000000100000000)
  region size 1024K, 5 young (5120K), 5 survivors (5120K)
 Metaspace       used 53433K, capacity 54098K, committed 54272K, reserved 1097728K
  class space    used 6110K, capacity 6387K, committed 6400K, reserved 1048576K
}
Event: 41.015 GC heap before
{Heap before GC invocations=13 (full 0):
 garbage-first heap   total 118784K, used 82432K [0x00000000a1800000, 0x0000000100000000)
  region size 1024K, 39 young (39936K), 5 survivors (5120K)
 Metaspace       used 55830K, capacity 56530K, committed 56704K, reserved 1099776K
  class space    used 6376K, capacity 6665K, committed 6784K, reserved 1048576K
}
Event: 41.112 GC heap after
{Heap after GC invocations=14 (full 0):
 garbage-first heap   total 147456K, used 50675K [0x00000000a1800000, 0x0000000100000000)
  region size 1024K, 3 young (3072K), 3 survivors (3072K)
 Metaspace       used 55830K, capacity 56530K, committed 56704K, reserved 1099776K
  class space    used 6376K, capacity 6665K, committed 6784K, reserved 1048576K
}

